2014-[0-9][0-9]-[0-3][0-9].zip
unzip:  cannot find or open 2014-[0-9][0-9]-[0-3][0-9].zip, 2014-[0-9][0-9]-[0-3][0-9].zip.zip or 2014-[0-9][0-9]-[0-3][0-9].zip.ZIP.

No zipfiles found.
解压 完毕
2014-[0-1][0-9]-[0-3][0-9].zip
unzip:  cannot find or open 2014-[0-1][0-9]-[0-3][0-9].zip, 2014-[0-1][0-9]-[0-3][0-9].zip.zip or 2014-[0-1][0-9]-[0-3][0-9].zip.ZIP.

No zipfiles found.
解压 完毕
2014-[0-9][0-9]-[0-3][0-9].zip
unzip:  cannot find or open 2014-[0-9][0-9]-[0-3][0-9].zip, 2014-[0-9][0-9]-[0-3][0-9].zip.zip or 2014-[0-9][0-9]-[0-3][0-9].zip.ZIP.

No zipfiles found.
解压 完毕
/home/log_data/2014-01-01.zip
Archive:  /home/log_data/2014-01-01.zip
   creating: /home/log_data/log/2014-01-01/
   creating: /home/log_data/log/2014-01-01\W3SVC12/
  inflating: /home/log_data/log/2014-01-01\W3SVC12/u_ex13123115.log  
  inflating: /home/log_data/log/2014-01-01\W3SVC12/u_ex13123116.log  
  inflating: /home/log_data/log/2014-01-01\W3SVC12/u_ex13123117.log  
  inflating: /home/log_data/log/2014-01-01\W3SVC12/u_ex13123118.log  
  inflating: /home/log_data/log/2014-01-01\W3SVC12/u_ex13123119.log  
  inflating: /home/log_data/log/2014-01-01\W3SVC12/u_ex13123120.log  
  inflating: /home/log_data/log/2014-01-01\W3SVC12/u_ex13123121.log  
  inflating: /home/log_data/log/2014-01-01\W3SVC12/u_ex13123122.log  
  inflating: /home/log_data/log/2014-01-01\W3SVC12/u_ex13123123.log  
  inflating: /home/log_data/log/2014-01-01\W3SVC12/u_ex14010100.log  
  inflating: /home/log_data/log/2014-01-01\W3SVC12/u_ex14010101.log  
  inflating: /home/log_data/log/2014-01-01\W3SVC12/u_ex14010102.log  
  inflating: /home/log_data/log/2014-01-01\W3SVC12/u_ex14010103.log  
  inflating: /home/log_data/log/2014-01-01\W3SVC12/u_ex14010104.log  
  inflating: /home/log_data/log/2014-01-01\W3SVC12/u_ex14010105.log  
  inflating: /home/log_data/log/2014-01-01\W3SVC12/u_ex14010106.log  
  inflating: /home/log_data/log/2014-01-01\W3SVC12/u_ex14010107.log  
  inflating: /home/log_data/log/2014-01-01\W3SVC12/u_ex14010108.log  
  inflating: /home/log_data/log/2014-01-01\W3SVC12/u_ex14010109.log  
  inflating: /home/log_data/log/2014-01-01\W3SVC12/u_ex14010110.log  
  inflating: /home/log_data/log/2014-01-01\W3SVC12/u_ex14010111.log  
  inflating: /home/log_data/log/2014-01-01\W3SVC12/u_ex14010112.log  
  inflating: /home/log_data/log/2014-01-01\W3SVC12/u_ex14010113.log  
  inflating: /home/log_data/log/2014-01-01\W3SVC12/u_ex14010114.log  
  inflating: /home/log_data/log/2014-01-01\W3SVC12/u_ex14010115.log  
   creating: /home/log_data/log/2014-01-01\W3SVC2/
  inflating: /home/log_data/log/2014-01-01\W3SVC2/u_ex13123115.log  
  inflating: /home/log_data/log/2014-01-01\W3SVC2/u_ex13123116.log  
  inflating: /home/log_data/log/2014-01-01\W3SVC2/u_ex13123117.log  
  inflating: /home/log_data/log/2014-01-01\W3SVC2/u_ex13123118.log  
  inflating: /home/log_data/log/2014-01-01\W3SVC2/u_ex13123119.log  
  inflating: /home/log_data/log/2014-01-01\W3SVC2/u_ex13123120.log  
  inflating: /home/log_data/log/2014-01-01\W3SVC2/u_ex13123121.log  
  inflating: /home/log_data/log/2014-01-01\W3SVC2/u_ex13123122.log  
  inflating: /home/log_data/log/2014-01-01\W3SVC2/u_ex13123123.log  
  inflating: /home/log_data/log/2014-01-01\W3SVC2/u_ex14010100.log  
  inflating: /home/log_data/log/2014-01-01\W3SVC2/u_ex14010101.log  
  inflating: /home/log_data/log/2014-01-01\W3SVC2/u_ex14010102.log  
  inflating: /home/log_data/log/2014-01-01\W3SVC2/u_ex14010103.log  
  inflating: /home/log_data/log/2014-01-01\W3SVC2/u_ex14010104.log  
  inflating: /home/log_data/log/2014-01-01\W3SVC2/u_ex14010105.log  
  inflating: /home/log_data/log/2014-01-01\W3SVC2/u_ex14010106.log  
  inflating: /home/log_data/log/2014-01-01\W3SVC2/u_ex14010107.log  
  inflating: /home/log_data/log/2014-01-01\W3SVC2/u_ex14010108.log  
  inflating: /home/log_data/log/2014-01-01\W3SVC2/u_ex14010109.log  
  inflating: /home/log_data/log/2014-01-01\W3SVC2/u_ex14010110.log  
  inflating: /home/log_data/log/2014-01-01\W3SVC2/u_ex14010111.log  
  inflating: /home/log_data/log/2014-01-01\W3SVC2/u_ex14010112.log  
  inflating: /home/log_data/log/2014-01-01\W3SVC2/u_ex14010113.log  
  inflating: /home/log_data/log/2014-01-01\W3SVC2/u_ex14010114.log  
解压 完毕
/home/log_data/2014-01-02.zip
Archive:  /home/log_data/2014-01-02.zip
   creating: /home/log_data/log/2014-01-02/
   creating: /home/log_data/log/2014-01-02\W3SVC12/
  inflating: /home/log_data/log/2014-01-02\W3SVC12/u_ex14010116.log  
  inflating: /home/log_data/log/2014-01-02\W3SVC12/u_ex14010117.log  
  inflating: /home/log_data/log/2014-01-02\W3SVC12/u_ex14010118.log  
  inflating: /home/log_data/log/2014-01-02\W3SVC12/u_ex14010119.log  
  inflating: /home/log_data/log/2014-01-02\W3SVC12/u_ex14010120.log  
  inflating: /home/log_data/log/2014-01-02\W3SVC12/u_ex14010121.log  
  inflating: /home/log_data/log/2014-01-02\W3SVC12/u_ex14010122.log  
  inflating: /home/log_data/log/2014-01-02\W3SVC12/u_ex14010123.log  
  inflating: /home/log_data/log/2014-01-02\W3SVC12/u_ex14010200.log  
  inflating: /home/log_data/log/2014-01-02\W3SVC12/u_ex14010201.log  
  inflating: /home/log_data/log/2014-01-02\W3SVC12/u_ex14010202.log  
  inflating: /home/log_data/log/2014-01-02\W3SVC12/u_ex14010203.log  
  inflating: /home/log_data/log/2014-01-02\W3SVC12/u_ex14010204.log  
  inflating: /home/log_data/log/2014-01-02\W3SVC12/u_ex14010205.log  
  inflating: /home/log_data/log/2014-01-02\W3SVC12/u_ex14010206.log  
  inflating: /home/log_data/log/2014-01-02\W3SVC12/u_ex14010207.log  
  inflating: /home/log_data/log/2014-01-02\W3SVC12/u_ex14010208.log  
  inflating: /home/log_data/log/2014-01-02\W3SVC12/u_ex14010209.log  
  inflating: /home/log_data/log/2014-01-02\W3SVC12/u_ex14010210.log  
  inflating: /home/log_data/log/2014-01-02\W3SVC12/u_ex14010211.log  
  inflating: /home/log_data/log/2014-01-02\W3SVC12/u_ex14010212.log  
  inflating: /home/log_data/log/2014-01-02\W3SVC12/u_ex14010213.log  
  inflating: /home/log_data/log/2014-01-02\W3SVC12/u_ex14010214.log  
  inflating: /home/log_data/log/2014-01-02\W3SVC12/u_ex14010215.log  
   creating: /home/log_data/log/2014-01-02\W3SVC2/
  inflating: /home/log_data/log/2014-01-02\W3SVC2/u_ex14010115.log  
  inflating: /home/log_data/log/2014-01-02\W3SVC2/u_ex14010116.log  
  inflating: /home/log_data/log/2014-01-02\W3SVC2/u_ex14010117.log  
  inflating: /home/log_data/log/2014-01-02\W3SVC2/u_ex14010118.log  
  inflating: /home/log_data/log/2014-01-02\W3SVC2/u_ex14010119.log  
  inflating: /home/log_data/log/2014-01-02\W3SVC2/u_ex14010120.log  
  inflating: /home/log_data/log/2014-01-02\W3SVC2/u_ex14010121.log  
  inflating: /home/log_data/log/2014-01-02\W3SVC2/u_ex14010122.log  
  inflating: /home/log_data/log/2014-01-02\W3SVC2/u_ex14010123.log  
  inflating: /home/log_data/log/2014-01-02\W3SVC2/u_ex14010200.log  
  inflating: /home/log_data/log/2014-01-02\W3SVC2/u_ex14010201.log  
  inflating: /home/log_data/log/2014-01-02\W3SVC2/u_ex14010202.log  
  inflating: /home/log_data/log/2014-01-02\W3SVC2/u_ex14010203.log  
  inflating: /home/log_data/log/2014-01-02\W3SVC2/u_ex14010204.log  
  inflating: /home/log_data/log/2014-01-02\W3SVC2/u_ex14010205.log  
  inflating: /home/log_data/log/2014-01-02\W3SVC2/u_ex14010206.log  
  inflating: /home/log_data/log/2014-01-02\W3SVC2/u_ex14010207.log  
  inflating: /home/log_data/log/2014-01-02\W3SVC2/u_ex14010208.log  
  inflating: /home/log_data/log/2014-01-02\W3SVC2/u_ex14010209.log  
  inflating: /home/log_data/log/2014-01-02\W3SVC2/u_ex14010210.log  
  inflating: /home/log_data/log/2014-01-02\W3SVC2/u_ex14010211.log  
  inflating: /home/log_data/log/2014-01-02\W3SVC2/u_ex14010212.log  
  inflating: /home/log_data/log/2014-01-02\W3SVC2/u_ex14010213.log  
  inflating: /home/log_data/log/2014-01-02\W3SVC2/u_ex14010214.log  
解压 完毕
/home/log_data/2014-01-03.zip
Archive:  /home/log_data/2014-01-03.zip
   creating: /home/log_data/log/2014-01-03/
   creating: /home/log_data/log/2014-01-03\W3SVC12/
  inflating: /home/log_data/log/2014-01-03\W3SVC12/u_ex14010216.log  
  inflating: /home/log_data/log/2014-01-03\W3SVC12/u_ex14010217.log  
  inflating: /home/log_data/log/2014-01-03\W3SVC12/u_ex14010218.log  
  inflating: /home/log_data/log/2014-01-03\W3SVC12/u_ex14010219.log  
  inflating: /home/log_data/log/2014-01-03\W3SVC12/u_ex14010220.log  
  inflating: /home/log_data/log/2014-01-03\W3SVC12/u_ex14010221.log  
  inflating: /home/log_data/log/2014-01-03\W3SVC12/u_ex14010222.log  
  inflating: /home/log_data/log/2014-01-03\W3SVC12/u_ex14010223.log  
  inflating: /home/log_data/log/2014-01-03\W3SVC12/u_ex14010300.log  
  inflating: /home/log_data/log/2014-01-03\W3SVC12/u_ex14010301.log  
  inflating: /home/log_data/log/2014-01-03\W3SVC12/u_ex14010302.log  
  inflating: /home/log_data/log/2014-01-03\W3SVC12/u_ex14010303.log  
  inflating: /home/log_data/log/2014-01-03\W3SVC12/u_ex14010304.log  
  inflating: /home/log_data/log/2014-01-03\W3SVC12/u_ex14010305.log  
  inflating: /home/log_data/log/2014-01-03\W3SVC12/u_ex14010306.log  
  inflating: /home/log_data/log/2014-01-03\W3SVC12/u_ex14010307.log  
  inflating: /home/log_data/log/2014-01-03\W3SVC12/u_ex14010308.log  
  inflating: /home/log_data/log/2014-01-03\W3SVC12/u_ex14010309.log  
  inflating: /home/log_data/log/2014-01-03\W3SVC12/u_ex14010310.log  
  inflating: /home/log_data/log/2014-01-03\W3SVC12/u_ex14010311.log  
  inflating: /home/log_data/log/2014-01-03\W3SVC12/u_ex14010312.log  
  inflating: /home/log_data/log/2014-01-03\W3SVC12/u_ex14010313.log  
  inflating: /home/log_data/log/2014-01-03\W3SVC12/u_ex14010314.log  
   creating: /home/log_data/log/2014-01-03\W3SVC2/
  inflating: /home/log_data/log/2014-01-03\W3SVC2/u_ex14010215.log  
  inflating: /home/log_data/log/2014-01-03\W3SVC2/u_ex14010216.log  
  inflating: /home/log_data/log/2014-01-03\W3SVC2/u_ex14010217.log  
  inflating: /home/log_data/log/2014-01-03\W3SVC2/u_ex14010218.log  
  inflating: /home/log_data/log/2014-01-03\W3SVC2/u_ex14010219.log  
  inflating: /home/log_data/log/2014-01-03\W3SVC2/u_ex14010220.log  
  inflating: /home/log_data/log/2014-01-03\W3SVC2/u_ex14010221.log  
  inflating: /home/log_data/log/2014-01-03\W3SVC2/u_ex14010222.log  
  inflating: /home/log_data/log/2014-01-03\W3SVC2/u_ex14010223.log  
  inflating: /home/log_data/log/2014-01-03\W3SVC2/u_ex14010300.log  
  inflating: /home/log_data/log/2014-01-03\W3SVC2/u_ex14010301.log  
  inflating: /home/log_data/log/2014-01-03\W3SVC2/u_ex14010302.log  
  inflating: /home/log_data/log/2014-01-03\W3SVC2/u_ex14010303.log  
  inflating: /home/log_data/log/2014-01-03\W3SVC2/u_ex14010304.log  
  inflating: /home/log_data/log/2014-01-03\W3SVC2/u_ex14010305.log  
  inflating: /home/log_data/log/2014-01-03\W3SVC2/u_ex14010306.log  
  inflating: /home/log_data/log/2014-01-03\W3SVC2/u_ex14010307.log  
  inflating: /home/log_data/log/2014-01-03\W3SVC2/u_ex14010308.log  
  inflating: /home/log_data/log/2014-01-03\W3SVC2/u_ex14010309.log  
  inflating: /home/log_data/log/2014-01-03\W3SVC2/u_ex14010310.log  
  inflating: /home/log_data/log/2014-01-03\W3SVC2/u_ex14010311.log  
  inflating: /home/log_data/log/2014-01-03\W3SVC2/u_ex14010312.log  
  inflating: /home/log_data/log/2014-01-03\W3SVC2/u_ex14010313.log  
  inflating: /home/log_data/log/2014-01-03\W3SVC2/u_ex14010314.log  
解压 完毕
/home/log_data/2014-01-04.zip
Archive:  /home/log_data/2014-01-04.zip
   creating: /home/log_data/log/2014-01-04/
   creating: /home/log_data/log/2014-01-04\W3SVC12/
  inflating: /home/log_data/log/2014-01-04\W3SVC12/u_ex14010315.log  
  inflating: /home/log_data/log/2014-01-04\W3SVC12/u_ex14010316.log  
  inflating: /home/log_data/log/2014-01-04\W3SVC12/u_ex14010317.log  
  inflating: /home/log_data/log/2014-01-04\W3SVC12/u_ex14010318.log  
  inflating: /home/log_data/log/2014-01-04\W3SVC12/u_ex14010319.log  
  inflating: /home/log_data/log/2014-01-04\W3SVC12/u_ex14010320.log  
  inflating: /home/log_data/log/2014-01-04\W3SVC12/u_ex14010321.log  
  inflating: /home/log_data/log/2014-01-04\W3SVC12/u_ex14010322.log  
  inflating: /home/log_data/log/2014-01-04\W3SVC12/u_ex14010323.log  
  inflating: /home/log_data/log/2014-01-04\W3SVC12/u_ex14010400.log  
  inflating: /home/log_data/log/2014-01-04\W3SVC12/u_ex14010401.log  
  inflating: /home/log_data/log/2014-01-04\W3SVC12/u_ex14010402.log  
  inflating: /home/log_data/log/2014-01-04\W3SVC12/u_ex14010403.log  
  inflating: /home/log_data/log/2014-01-04\W3SVC12/u_ex14010404.log  
  inflating: /home/log_data/log/2014-01-04\W3SVC12/u_ex14010405.log  
  inflating: /home/log_data/log/2014-01-04\W3SVC12/u_ex14010406.log  
  inflating: /home/log_data/log/2014-01-04\W3SVC12/u_ex14010407.log  
  inflating: /home/log_data/log/2014-01-04\W3SVC12/u_ex14010408.log  
  inflating: /home/log_data/log/2014-01-04\W3SVC12/u_ex14010409.log  
  inflating: /home/log_data/log/2014-01-04\W3SVC12/u_ex14010410.log  
  inflating: /home/log_data/log/2014-01-04\W3SVC12/u_ex14010411.log  
  inflating: /home/log_data/log/2014-01-04\W3SVC12/u_ex14010412.log  
  inflating: /home/log_data/log/2014-01-04\W3SVC12/u_ex14010413.log  
  inflating: /home/log_data/log/2014-01-04\W3SVC12/u_ex14010414.log  
   creating: /home/log_data/log/2014-01-04\W3SVC2/
  inflating: /home/log_data/log/2014-01-04\W3SVC2/u_ex14010315.log  
  inflating: /home/log_data/log/2014-01-04\W3SVC2/u_ex14010316.log  
  inflating: /home/log_data/log/2014-01-04\W3SVC2/u_ex14010317.log  
  inflating: /home/log_data/log/2014-01-04\W3SVC2/u_ex14010318.log  
  inflating: /home/log_data/log/2014-01-04\W3SVC2/u_ex14010319.log  
  inflating: /home/log_data/log/2014-01-04\W3SVC2/u_ex14010320.log  
  inflating: /home/log_data/log/2014-01-04\W3SVC2/u_ex14010321.log  
  inflating: /home/log_data/log/2014-01-04\W3SVC2/u_ex14010322.log  
  inflating: /home/log_data/log/2014-01-04\W3SVC2/u_ex14010323.log  
  inflating: /home/log_data/log/2014-01-04\W3SVC2/u_ex14010400.log  
  inflating: /home/log_data/log/2014-01-04\W3SVC2/u_ex14010401.log  
  inflating: /home/log_data/log/2014-01-04\W3SVC2/u_ex14010402.log  
  inflating: /home/log_data/log/2014-01-04\W3SVC2/u_ex14010403.log  
  inflating: /home/log_data/log/2014-01-04\W3SVC2/u_ex14010404.log  
  inflating: /home/log_data/log/2014-01-04\W3SVC2/u_ex14010405.log  
  inflating: /home/log_data/log/2014-01-04\W3SVC2/u_ex14010406.log  
  inflating: /home/log_data/log/2014-01-04\W3SVC2/u_ex14010407.log  
  inflating: /home/log_data/log/2014-01-04\W3SVC2/u_ex14010408.log  
  inflating: /home/log_data/log/2014-01-04\W3SVC2/u_ex14010409.log  
  inflating: /home/log_data/log/2014-01-04\W3SVC2/u_ex14010410.log  
  inflating: /home/log_data/log/2014-01-04\W3SVC2/u_ex14010411.log  
  inflating: /home/log_data/log/2014-01-04\W3SVC2/u_ex14010412.log  
  inflating: /home/log_data/log/2014-01-04\W3SVC2/u_ex14010413.log  
  inflating: /home/log_data/log/2014-01-04\W3SVC2/u_ex14010414.log  
解压 完毕
/home/log_data/2014-01-05.zip
Archive:  /home/log_data/2014-01-05.zip
   creating: /home/log_data/log/2014-01-05/
   creating: /home/log_data/log/2014-01-05\W3SVC12/
  inflating: /home/log_data/log/2014-01-05\W3SVC12/u_ex14010415.log  
  inflating: /home/log_data/log/2014-01-05\W3SVC12/u_ex14010416.log  
  inflating: /home/log_data/log/2014-01-05\W3SVC12/u_ex14010417.log  
  inflating: /home/log_data/log/2014-01-05\W3SVC12/u_ex14010418.log  
  inflating: /home/log_data/log/2014-01-05\W3SVC12/u_ex14010419.log  
  inflating: /home/log_data/log/2014-01-05\W3SVC12/u_ex14010420.log  
  inflating: /home/log_data/log/2014-01-05\W3SVC12/u_ex14010421.log  
  inflating: /home/log_data/log/2014-01-05\W3SVC12/u_ex14010422.log  
  inflating: /home/log_data/log/2014-01-05\W3SVC12/u_ex14010423.log  
  inflating: /home/log_data/log/2014-01-05\W3SVC12/u_ex14010500.log  
  inflating: /home/log_data/log/2014-01-05\W3SVC12/u_ex14010501.log  
  inflating: /home/log_data/log/2014-01-05\W3SVC12/u_ex14010502.log  
  inflating: /home/log_data/log/2014-01-05\W3SVC12/u_ex14010503.log  
  inflating: /home/log_data/log/2014-01-05\W3SVC12/u_ex14010504.log  
  inflating: /home/log_data/log/2014-01-05\W3SVC12/u_ex14010505.log  
  inflating: /home/log_data/log/2014-01-05\W3SVC12/u_ex14010506.log  
  inflating: /home/log_data/log/2014-01-05\W3SVC12/u_ex14010507.log  
  inflating: /home/log_data/log/2014-01-05\W3SVC12/u_ex14010508.log  
  inflating: /home/log_data/log/2014-01-05\W3SVC12/u_ex14010509.log  
  inflating: /home/log_data/log/2014-01-05\W3SVC12/u_ex14010510.log  
  inflating: /home/log_data/log/2014-01-05\W3SVC12/u_ex14010511.log  
  inflating: /home/log_data/log/2014-01-05\W3SVC12/u_ex14010512.log  
  inflating: /home/log_data/log/2014-01-05\W3SVC12/u_ex14010513.log  
  inflating: /home/log_data/log/2014-01-05\W3SVC12/u_ex14010514.log  
   creating: /home/log_data/log/2014-01-05\W3SVC2/
  inflating: /home/log_data/log/2014-01-05\W3SVC2/u_ex14010415.log  
  inflating: /home/log_data/log/2014-01-05\W3SVC2/u_ex14010416.log  
  inflating: /home/log_data/log/2014-01-05\W3SVC2/u_ex14010417.log  
  inflating: /home/log_data/log/2014-01-05\W3SVC2/u_ex14010418.log  
  inflating: /home/log_data/log/2014-01-05\W3SVC2/u_ex14010419.log  
  inflating: /home/log_data/log/2014-01-05\W3SVC2/u_ex14010420.log  
  inflating: /home/log_data/log/2014-01-05\W3SVC2/u_ex14010421.log  
  inflating: /home/log_data/log/2014-01-05\W3SVC2/u_ex14010422.log  
  inflating: /home/log_data/log/2014-01-05\W3SVC2/u_ex14010423.log  
  inflating: /home/log_data/log/2014-01-05\W3SVC2/u_ex14010500.log  
  inflating: /home/log_data/log/2014-01-05\W3SVC2/u_ex14010501.log  
  inflating: /home/log_data/log/2014-01-05\W3SVC2/u_ex14010502.log  
  inflating: /home/log_data/log/2014-01-05\W3SVC2/u_ex14010503.log  
  inflating: /home/log_data/log/2014-01-05\W3SVC2/u_ex14010504.log  
  inflating: /home/log_data/log/2014-01-05\W3SVC2/u_ex14010505.log  
  inflating: /home/log_data/log/2014-01-05\W3SVC2/u_ex14010506.log  
  inflating: /home/log_data/log/2014-01-05\W3SVC2/u_ex14010507.log  
  inflating: /home/log_data/log/2014-01-05\W3SVC2/u_ex14010508.log  
  inflating: /home/log_data/log/2014-01-05\W3SVC2/u_ex14010509.log  
  inflating: /home/log_data/log/2014-01-05\W3SVC2/u_ex14010510.log  
  inflating: /home/log_data/log/2014-01-05\W3SVC2/u_ex14010511.log  
  inflating: /home/log_data/log/2014-01-05\W3SVC2/u_ex14010512.log  
  inflating: /home/log_data/log/2014-01-05\W3SVC2/u_ex14010513.log  
  inflating: /home/log_data/log/2014-01-05\W3SVC2/u_ex14010514.log  
  inflating: /home/log_data/log/2014-01-05\W3SVC2/u_ex14010515.log  
解压 完毕
/home/log_data/2014-01-06.zip
Archive:  /home/log_data/2014-01-06.zip
   creating: /home/log_data/log/2014-01-06/
   creating: /home/log_data/log/2014-01-06\W3SVC12/
  inflating: /home/log_data/log/2014-01-06\W3SVC12/u_ex14010515.log  
  inflating: /home/log_data/log/2014-01-06\W3SVC12/u_ex14010516.log  
  inflating: /home/log_data/log/2014-01-06\W3SVC12/u_ex14010517.log  
  inflating: /home/log_data/log/2014-01-06\W3SVC12/u_ex14010518.log  
  inflating: /home/log_data/log/2014-01-06\W3SVC12/u_ex14010519.log  
  inflating: /home/log_data/log/2014-01-06\W3SVC12/u_ex14010520.log  
  inflating: /home/log_data/log/2014-01-06\W3SVC12/u_ex14010521.log  
  inflating: /home/log_data/log/2014-01-06\W3SVC12/u_ex14010522.log  
  inflating: /home/log_data/log/2014-01-06\W3SVC12/u_ex14010523.log  
  inflating: /home/log_data/log/2014-01-06\W3SVC12/u_ex14010600.log  
  inflating: /home/log_data/log/2014-01-06\W3SVC12/u_ex14010601.log  
  inflating: /home/log_data/log/2014-01-06\W3SVC12/u_ex14010602.log  
  inflating: /home/log_data/log/2014-01-06\W3SVC12/u_ex14010603.log  
  inflating: /home/log_data/log/2014-01-06\W3SVC12/u_ex14010604.log  
  inflating: /home/log_data/log/2014-01-06\W3SVC12/u_ex14010605.log  
  inflating: /home/log_data/log/2014-01-06\W3SVC12/u_ex14010606.log  
  inflating: /home/log_data/log/2014-01-06\W3SVC12/u_ex14010607.log  
  inflating: /home/log_data/log/2014-01-06\W3SVC12/u_ex14010608.log  
  inflating: /home/log_data/log/2014-01-06\W3SVC12/u_ex14010609.log  
  inflating: /home/log_data/log/2014-01-06\W3SVC12/u_ex14010610.log  
  inflating: /home/log_data/log/2014-01-06\W3SVC12/u_ex14010611.log  
  inflating: /home/log_data/log/2014-01-06\W3SVC12/u_ex14010612.log  
  inflating: /home/log_data/log/2014-01-06\W3SVC12/u_ex14010613.log  
  inflating: /home/log_data/log/2014-01-06\W3SVC12/u_ex14010614.log  
   creating: /home/log_data/log/2014-01-06\W3SVC2/
  inflating: /home/log_data/log/2014-01-06\W3SVC2/u_ex14010516.log  
  inflating: /home/log_data/log/2014-01-06\W3SVC2/u_ex14010517.log  
  inflating: /home/log_data/log/2014-01-06\W3SVC2/u_ex14010518.log  
  inflating: /home/log_data/log/2014-01-06\W3SVC2/u_ex14010519.log  
  inflating: /home/log_data/log/2014-01-06\W3SVC2/u_ex14010520.log  
  inflating: /home/log_data/log/2014-01-06\W3SVC2/u_ex14010521.log  
  inflating: /home/log_data/log/2014-01-06\W3SVC2/u_ex14010522.log  
  inflating: /home/log_data/log/2014-01-06\W3SVC2/u_ex14010523.log  
  inflating: /home/log_data/log/2014-01-06\W3SVC2/u_ex14010600.log  
  inflating: /home/log_data/log/2014-01-06\W3SVC2/u_ex14010601.log  
  inflating: /home/log_data/log/2014-01-06\W3SVC2/u_ex14010602.log  
  inflating: /home/log_data/log/2014-01-06\W3SVC2/u_ex14010603.log  
  inflating: /home/log_data/log/2014-01-06\W3SVC2/u_ex14010604.log  
  inflating: /home/log_data/log/2014-01-06\W3SVC2/u_ex14010605.log  
  inflating: /home/log_data/log/2014-01-06\W3SVC2/u_ex14010606.log  
  inflating: /home/log_data/log/2014-01-06\W3SVC2/u_ex14010607.log  